<?xml version="1.0" encoding="UTF-8"?>
<!-- Generated by org.testng.reporters.JUnitReportReporter -->
<testsuite hostname="IN2-NOINB-ABBI" failures="0" tests="1" name="com.iprovision.CredentialProfiles.AddNewCredentialProfileTest" time="17.958" errors="0" timestamp="2023-10-17T17:23:51 IST" skipped="0">
  <testcase classname="com.iprovision.CredentialProfiles.AddNewCredentialProfileTest" name="addNewCredentialProfile" time="17.958"/>
  <system-out/>
</testsuite> <!-- com.iprovision.CredentialProfiles.AddNewCredentialProfileTest -->
