<?xml version="1.0" encoding="UTF-8"?>
<!-- Generated by org.testng.reporters.JUnitReportReporter -->
<testsuite hostname="IN2-NOINB-ABBI" failures="0" tests="1" name="com.iprovision.CredentialSets.UpdateCredentialSetTest" time="22.349" errors="0" timestamp="2023-09-26T12:44:04 IST" skipped="0">
  <testcase classname="com.iprovision.CredentialSets.UpdateCredentialSetTest" name="addNewCredentialSet" time="22.349"/>
  <system-out/>
</testsuite> <!-- com.iprovision.CredentialSets.UpdateCredentialSetTest -->
