<?xml version="1.0" encoding="UTF-8"?>
<!-- Generated by org.testng.reporters.JUnitReportReporter -->
<testsuite hostname="IN2-NOINB-ABBI" failures="0" tests="6" name="com.iprovision.CredentialProfiles.AddNewCredentialProfileWithCredentialSetTest" time="55.525" errors="0" timestamp="2023-10-06T18:09:32 IST" skipped="0">
  <testcase classname="com.iprovision.CredentialProfiles.AddNewCredentialProfileWithCredentialSetTest" name="addNewCredentialSet" time="18.515"/>
  <system-out/>
  <testcase classname="com.iprovision.CredentialProfiles.AddNewCredentialProfileWithCredentialSetTest" name="updateCredentialSet" time="7.472"/>
  <system-out/>
  <testcase classname="com.iprovision.CredentialProfiles.AddNewCredentialProfileWithCredentialSetTest" name="addNewCredentialProfile" time="8.034"/>
  <system-out/>
  <testcase classname="com.iprovision.CredentialProfiles.AddNewCredentialProfileWithCredentialSetTest" name="updateCredentialProfile" time="7.991"/>
  <system-out/>
  <testcase classname="com.iprovision.CredentialProfiles.AddNewCredentialProfileWithCredentialSetTest" name="deleteCredentialProfile" time="6.398"/>
  <system-out/>
  <testcase classname="com.iprovision.CredentialProfiles.AddNewCredentialProfileWithCredentialSetTest" name="deleteCredentialSet" time="7.115"/>
  <system-out/>
</testsuite> <!-- com.iprovision.CredentialProfiles.AddNewCredentialProfileWithCredentialSetTest -->
