<?xml version="1.0" encoding="UTF-8"?>
<!-- Generated by org.testng.reporters.JUnitReportReporter -->
<testsuite hostname="IN2-NOINB-ABBI" failures="0" tests="1" name="com.iprovision.CredentialSets.NewCredentialSetsTest" time="45.260" errors="0" timestamp="2023-09-14T18:12:36 IST" skipped="0">
  <testcase classname="com.iprovision.CredentialSets.NewCredentialSetsTest" name="addNewCredentialSet" time="45.260"/>
  <system-out/>
</testsuite> <!-- com.iprovision.CredentialSets.NewCredentialSetsTest -->
