<?xml version="1.0" encoding="UTF-8"?>
<!-- Generated by org.testng.reporters.JUnitReportReporter -->
<testsuite hostname="IN2-NOINB-ABBI" failures="0" tests="6" name="com.iprovision.CredentialProfiles.AddNewCredentialProfileWithCredentialSetTest" time="51.472" errors="0" timestamp="2023-10-09T15:34:47 IST" skipped="0">
  <testcase classname="com.iprovision.CredentialProfiles.AddNewCredentialProfileWithCredentialSetTest" name="addNewCredentialSet" time="16.853"/>
  <system-out/>
  <testcase classname="com.iprovision.CredentialProfiles.AddNewCredentialProfileWithCredentialSetTest" name="updateCredentialSet" time="6.836"/>
  <system-out/>
  <testcase classname="com.iprovision.CredentialProfiles.AddNewCredentialProfileWithCredentialSetTest" name="addNewCredentialProfile" time="7.800"/>
  <system-out/>
  <testcase classname="com.iprovision.CredentialProfiles.AddNewCredentialProfileWithCredentialSetTest" name="updateCredentialProfile" time="7.192"/>
  <system-out/>
  <testcase classname="com.iprovision.CredentialProfiles.AddNewCredentialProfileWithCredentialSetTest" name="deleteCredentialProfile" time="6.102"/>
  <system-out/>
  <testcase classname="com.iprovision.CredentialProfiles.AddNewCredentialProfileWithCredentialSetTest" name="deleteCredentialSet" time="6.689"/>
  <system-out/>
</testsuite> <!-- com.iprovision.CredentialProfiles.AddNewCredentialProfileWithCredentialSetTest -->
