<?xml version="1.0" encoding="UTF-8"?>
<!-- Generated by org.testng.reporters.JUnitReportReporter -->
<testsuite hostname="IN2-NOINB-ABBI" failures="0" tests="6" name="com.iprovision.CredentialProfiles.AddNewCredentialProfileWithCredentialSetTest" time="56.131" errors="0" timestamp="2023-09-27T16:51:17 IST" skipped="0">
  <testcase classname="com.iprovision.CredentialProfiles.AddNewCredentialProfileWithCredentialSetTest" name="addNewCredentialSet" time="22.081"/>
  <system-out/>
  <testcase classname="com.iprovision.CredentialProfiles.AddNewCredentialProfileWithCredentialSetTest" name="updateCredentialSet" time="6.795"/>
  <system-out/>
  <testcase classname="com.iprovision.CredentialProfiles.AddNewCredentialProfileWithCredentialSetTest" name="addNewCredentialProfile" time="7.543"/>
  <system-out/>
  <testcase classname="com.iprovision.CredentialProfiles.AddNewCredentialProfileWithCredentialSetTest" name="updateCredentialProfile" time="6.671"/>
  <system-out/>
  <testcase classname="com.iprovision.CredentialProfiles.AddNewCredentialProfileWithCredentialSetTest" name="deleteCredentialProfile" time="6.243"/>
  <system-out/>
  <testcase classname="com.iprovision.CredentialProfiles.AddNewCredentialProfileWithCredentialSetTest" name="deleteCredentialSet" time="6.798"/>
  <system-out/>
</testsuite> <!-- com.iprovision.CredentialProfiles.AddNewCredentialProfileWithCredentialSetTest -->
