<?xml version="1.0" encoding="UTF-8"?>
<!-- Generated by org.testng.reporters.JUnitReportReporter -->
<testsuite hostname="IN2-NOINB-ABBI" failures="0" tests="1" name="com.iprovision.CredentialSets.DeleteCredentialSetTest" time="20.883" errors="0" timestamp="2023-09-26T12:45:25 IST" skipped="0">
  <testcase classname="com.iprovision.CredentialSets.DeleteCredentialSetTest" name="deleteNewCredentialSet" time="20.883"/>
  <system-out/>
</testsuite> <!-- com.iprovision.CredentialSets.DeleteCredentialSetTest -->
