<?xml version="1.0" encoding="UTF-8"?>
<!-- Generated by org.testng.reporters.JUnitReportReporter -->
<testsuite hostname="IN2-NOINB-ABBI" failures="0" tests="1" name="com.iprovision.CredentialSets.AddNewCredentialSetTest" time="30.266" errors="0" timestamp="2023-09-26T12:42:46 IST" skipped="0">
  <testcase classname="com.iprovision.CredentialSets.AddNewCredentialSetTest" name="addNewCredentialSet" time="30.266"/>
  <system-out/>
</testsuite> <!-- com.iprovision.CredentialSets.AddNewCredentialSetTest -->
