<?xml version="1.0" encoding="UTF-8"?>
<!-- Generated by org.testng.reporters.JUnitReportReporter -->
<testsuite hostname="IN2-NOINB-ABBI" failures="0" tests="1" name="com.iprovision.CredentialProfiles.DeleteCredentialProfileTest" time="29.112" errors="0" timestamp="2023-09-21T10:32:42 IST" skipped="0">
  <testcase classname="com.iprovision.CredentialProfiles.DeleteCredentialProfileTest" name="deleteNewCredentialProfile" time="29.112"/>
  <system-out/>
</testsuite> <!-- com.iprovision.CredentialProfiles.DeleteCredentialProfileTest -->
