<?xml version="1.0" encoding="UTF-8"?>
<!-- Generated by org.testng.reporters.JUnitReportReporter -->
<testsuite hostname="IN2-NOINB-ABBI" failures="0" tests="7" name="com.iprovision.CredentialProfiles.AddNewCredentialProfileWithCredentialSetTest" time="59.931" errors="1" timestamp="2023-10-06T17:20:29 IST" skipped="0">
  <testcase classname="com.iprovision.CredentialProfiles.AddNewCredentialProfileWithCredentialSetTest" name="asConfig" time="0.018">
    <error message="Cannot invoke &quot;String.length()&quot; because &quot;s&quot; is null" type="java.lang.NullPointerException">
      <![CDATA[java.lang.NullPointerException: Cannot invoke "String.length()" because "s" is null
at javax.mail.internet.InternetAddress.parse(InternetAddress.java:793)
at javax.mail.internet.InternetAddress.parse(InternetAddress.java:752)
at javax.mail.internet.InternetAddress.parse(InternetAddress.java:729)
at com.iprovision.genericutilities.EmailSend.sendingEmail(EmailSend.java:48)
at com.iprovision.genericutilities.BaseClass.asConfig(BaseClass.java:156)
at java.base/jdk.internal.reflect.NativeMethodAccessorImpl.invoke0(Native Method)
at java.base/jdk.internal.reflect.NativeMethodAccessorImpl.invoke(NativeMethodAccessorImpl.java:77)
at java.base/jdk.internal.reflect.DelegatingMethodAccessorImpl.invoke(DelegatingMethodAccessorImpl.java:43)
at java.base/java.lang.reflect.Method.invoke(Method.java:568)
at org.testng.internal.MethodInvocationHelper.invokeMethod(MethodInvocationHelper.java:133)
at org.testng.internal.MethodInvocationHelper.invokeMethodConsideringTimeout(MethodInvocationHelper.java:62)
at org.testng.internal.ConfigInvoker.invokeConfigurationMethod(ConfigInvoker.java:385)
at org.testng.internal.ConfigInvoker.invokeConfigurations(ConfigInvoker.java:321)
at org.testng.SuiteRunner.privateRun(SuiteRunner.java:344)
at org.testng.SuiteRunner.run(SuiteRunner.java:276)
at org.testng.SuiteRunnerWorker.runSuite(SuiteRunnerWorker.java:53)
at org.testng.SuiteRunnerWorker.run(SuiteRunnerWorker.java:96)
at org.testng.TestNG.runSuitesSequentially(TestNG.java:1212)
at org.testng.TestNG.runSuitesLocally(TestNG.java:1134)
at org.testng.TestNG.runSuites(TestNG.java:1063)
at org.testng.TestNG.run(TestNG.java:1031)
at org.testng.remote.AbstractRemoteTestNG.run(AbstractRemoteTestNG.java:115)
at org.testng.remote.RemoteTestNG.initAndRun(RemoteTestNG.java:251)
at org.testng.remote.RemoteTestNG.main(RemoteTestNG.java:77)
]]>
    </error>
  </testcase> <!-- asConfig -->
  <system-out/>
  <testcase classname="com.iprovision.CredentialProfiles.AddNewCredentialProfileWithCredentialSetTest" name="addNewCredentialSet" time="22.931"/>
  <system-out/>
  <testcase classname="com.iprovision.CredentialProfiles.AddNewCredentialProfileWithCredentialSetTest" name="updateCredentialSet" time="7.839"/>
  <system-out/>
  <testcase classname="com.iprovision.CredentialProfiles.AddNewCredentialProfileWithCredentialSetTest" name="addNewCredentialProfile" time="8.144"/>
  <system-out/>
  <testcase classname="com.iprovision.CredentialProfiles.AddNewCredentialProfileWithCredentialSetTest" name="updateCredentialProfile" time="7.980"/>
  <system-out/>
  <testcase classname="com.iprovision.CredentialProfiles.AddNewCredentialProfileWithCredentialSetTest" name="deleteCredentialProfile" time="6.208"/>
  <system-out/>
  <testcase classname="com.iprovision.CredentialProfiles.AddNewCredentialProfileWithCredentialSetTest" name="deleteCredentialSet" time="6.811"/>
  <system-out/>
</testsuite> <!-- com.iprovision.CredentialProfiles.AddNewCredentialProfileWithCredentialSetTest -->
